Fri Mar 13 2020 15:55:28 GMT+0530 (India Standard Time):$GET /
Fri Mar 13 2020 15:55:28 GMT+0530 (India Standard Time):$GET /favicon.ico
Fri Mar 13 2020 15:56:01 GMT+0530 (India Standard Time):$GET /about
Fri Mar 13 2020 15:56:02 GMT+0530 (India Standard Time):$GET /about
Fri Mar 13 2020 15:56:03 GMT+0530 (India Standard Time):$GET /about
Fri Mar 13 2020 15:56:17 GMT+0530 (India Standard Time):$GET /intro
Fri Mar 13 2020 15:56:25 GMT+0530 (India Standard Time):$GET /hobbies
Fri Mar 13 2020 15:56:27 GMT+0530 (India Standard Time):$GET /about
Fri Mar 13 2020 15:56:33 GMT+0530 (India Standard Time):$GET /intro
Fri Mar 13 2020 15:56:34 GMT+0530 (India Standard Time):$GET /
Fri Mar 13 2020 15:56:38 GMT+0530 (India Standard Time):$GET /intro
Fri Mar 13 2020 15:56:40 GMT+0530 (India Standard Time):$GET /intro
Fri Mar 13 2020 15:56:42 GMT+0530 (India Standard Time):$GET /hobbies
Fri Mar 13 2020 16:01:42 GMT+0530 (India Standard Time):$GET /hobbie
Fri Mar 13 2020 16:01:42 GMT+0530 (India Standard Time):$GET /hobbi
Fri Mar 13 2020 16:01:42 GMT+0530 (India Standard Time):$GET /hobb
Fri Mar 13 2020 16:01:42 GMT+0530 (India Standard Time):$GET /hob
Fri Mar 13 2020 16:01:42 GMT+0530 (India Standard Time):$GET /ho
Fri Mar 13 2020 16:01:43 GMT+0530 (India Standard Time):$GET /h
Fri Mar 13 2020 16:01:44 GMT+0530 (India Standard Time):$GET /intro
Fri Mar 13 2020 16:01:45 GMT+0530 (India Standard Time):$GET /intro
Fri Mar 13 2020 16:02:00 GMT+0530 (India Standard Time):$GET /intro
Fri Mar 13 2020 16:02:01 GMT+0530 (India Standard Time):$GET /hobbies
Fri Mar 13 2020 16:02:03 GMT+0530 (India Standard Time):$GET /about
Fri Mar 13 2020 16:05:10 GMT+0530 (India Standard Time):$GET /about
Fri Mar 13 2020 16:05:26 GMT+0530 (India Standard Time):$GET /
Fri Mar 13 2020 16:05:26 GMT+0530 (India Standard Time):$GET /
Fri Mar 13 2020 16:05:31 GMT+0530 (India Standard Time):$GET /about
Fri Mar 13 2020 16:05:32 GMT+0530 (India Standard Time):$GET /about
Fri Mar 13 2020 16:05:39 GMT+0530 (India Standard Time):$GET /
Fri Mar 13 2020 16:05:43 GMT+0530 (India Standard Time):$GET /intro
Fri Mar 13 2020 16:07:50 GMT+0530 (India Standard Time):$GET /
Fri Mar 13 2020 16:07:52 GMT+0530 (India Standard Time):$GET /
Fri Mar 13 2020 16:07:57 GMT+0530 (India Standard Time):$GET /about
Fri Mar 13 2020 16:07:59 GMT+0530 (India Standard Time):$GET /about
Fri Mar 13 2020 16:08:01 GMT+0530 (India Standard Time):$GET /intro
Fri Mar 13 2020 16:09:21 GMT+0530 (India Standard Time):$GET /
Fri Mar 13 2020 16:09:23 GMT+0530 (India Standard Time):$GET /
Fri Mar 13 2020 16:09:27 GMT+0530 (India Standard Time):$GET /about
Fri Mar 13 2020 16:09:28 GMT+0530 (India Standard Time):$GET /about
Fri Mar 13 2020 16:09:30 GMT+0530 (India Standard Time):$GET /intro
Fri Mar 13 2020 16:09:32 GMT+0530 (India Standard Time):$GET /hobbies
Fri Mar 13 2020 16:09:33 GMT+0530 (India Standard Time):$GET /about
Fri Mar 13 2020 16:09:46 GMT+0530 (India Standard Time):$GET /
Fri Mar 13 2020 16:09:52 GMT+0530 (India Standard Time):$GET /intro
Fri Mar 13 2020 16:09:54 GMT+0530 (India Standard Time):$GET /hobbies
Fri Mar 13 2020 16:09:55 GMT+0530 (India Standard Time):$GET /about
Fri Mar 13 2020 16:12:25 GMT+0530 (India Standard Time):$GET /
Fri Mar 13 2020 16:12:31 GMT+0530 (India Standard Time):$GET /
Fri Mar 13 2020 16:12:53 GMT+0530 (India Standard Time):$GET /
Fri Mar 13 2020 16:28:51 GMT+0530 (India Standard Time):$GET /
Fri Mar 13 2020 16:28:52 GMT+0530 (India Standard Time):$GET /
Fri Mar 13 2020 16:28:59 GMT+0530 (India Standard Time):$GET /q
Fri Mar 13 2020 16:29:01 GMT+0530 (India Standard Time):$GET /about
Fri Mar 13 2020 16:29:02 GMT+0530 (India Standard Time):$GET /about
Fri Mar 13 2020 16:29:04 GMT+0530 (India Standard Time):$GET /intro
Fri Mar 13 2020 16:29:06 GMT+0530 (India Standard Time):$GET /hobbies
Fri Mar 13 2020 16:35:41 GMT+0530 (India Standard Time):$GET /
Fri Mar 13 2020 16:35:47 GMT+0530 (India Standard Time):$GET /intro
Fri Mar 13 2020 16:35:49 GMT+0530 (India Standard Time):$GET /hobbies
Fri Mar 13 2020 16:35:51 GMT+0530 (India Standard Time):$GET /about
Fri Mar 13 2020 16:36:02 GMT+0530 (India Standard Time):$GET /about
Fri Mar 13 2020 16:40:10 GMT+0530 (India Standard Time):$GET /
Fri Mar 13 2020 16:43:51 GMT+0530 (India Standard Time):$GET /
Fri Mar 13 2020 16:44:36 GMT+0530 (India Standard Time):$GET /
Fri Mar 13 2020 16:44:39 GMT+0530 (India Standard Time):$GET /about
Fri Mar 13 2020 16:44:42 GMT+0530 (India Standard Time):$GET /intro
Fri Mar 13 2020 16:44:48 GMT+0530 (India Standard Time):$GET /
Fri Mar 13 2020 16:44:49 GMT+0530 (India Standard Time):$GET /
Fri Mar 13 2020 16:47:27 GMT+0530 (India Standard Time):$GET /
Fri Mar 13 2020 16:48:33 GMT+0530 (India Standard Time):$GET /
Fri Mar 13 2020 16:48:48 GMT+0530 (India Standard Time):$GET /about
Fri Mar 13 2020 16:48:50 GMT+0530 (India Standard Time):$GET /about
